[debug] [2025-08-28T17:49:34.084Z] ----------------------------------------------------------------------
[debug] [2025-08-28T17:49:34.087Z] Command:       C:\Program Files\nodejs\node.exe C:\Users\Owner\AppData\Roaming\npm\node_modules\firebase-tools\lib\bin\firebase.js init
[debug] [2025-08-28T17:49:34.088Z] CLI Version:   14.12.1
[debug] [2025-08-28T17:49:34.088Z] Platform:      win32
[debug] [2025-08-28T17:49:34.088Z] Node Version:  v22.13.1
[debug] [2025-08-28T17:49:34.088Z] Time:          Thu Aug 28 2025 23:19:34 GMT+0530 (India Standard Time)
[debug] [2025-08-28T17:49:34.088Z] ----------------------------------------------------------------------
[debug] 
[debug] [2025-08-28T17:49:34.091Z] >>> [apiv2][query] GET https://firebase-public.firebaseio.com/cli.json [none]
[debug] [2025-08-28T17:49:34.381Z] > command requires scopes: ["email","openid","https://www.googleapis.com/auth/cloudplatformprojects.readonly","https://www.googleapis.com/auth/firebase","https://www.googleapis.com/auth/cloud-platform"]
[debug] [2025-08-28T17:49:34.381Z] > authorizing via signed-in user (rp302084@gmail.com)
[info] 
     ######## #### ########  ######## ########     ###     ######  ########
     ##        ##  ##     ## ##       ##     ##  ##   ##  ##       ##
     ######    ##  ########  ######   ########  #########  ######  ######
     ##        ##  ##    ##  ##       ##     ## ##     ##       ## ##
     ##       #### ##     ## ######## ########  ##     ##  ######  ########

You're about to initialize a Firebase project in this directory:

  C:\Users\Owner\Desktop\Portfolio\reactPortfolio

Before we get started, keep in mind:

  * You are initializing within an existing Firebase project directory

[debug] [2025-08-28T17:49:40.678Z] <<< [apiv2][status] GET https://firebase-public.firebaseio.com/cli.json 200
[debug] [2025-08-28T17:49:40.679Z] <<< [apiv2][body] GET https://firebase-public.firebaseio.com/cli.json {"cloudBuildErrorAfter":1594252800000,"cloudBuildWarnAfter":1590019200000,"defaultNode10After":1594252800000,"minVersion":"3.0.5","node8DeploysDisabledAfter":1613390400000,"node8RuntimeDisabledAfter":1615809600000,"node8WarnAfter":1600128000000}
[debug] [2025-08-28T17:49:54.609Z] Error: Timed out.
    at Timeout._onTimeout (C:\Users\Owner\AppData\Roaming\npm\node_modules\firebase-tools\lib\utils.js:273:49)
    at listOnTimeout (node:internal/timers:594:17)
    at process.processTimers (node:internal/timers:529:7)
[error] 
[error] Error: An unexpected error has occurred.
